Analysis & Synthesis report for four_bit_pc
Thu Apr  1 14:53:51 2021
Quartus Prime Version 20.1.1 Build 720 11/11/2020 SJ Lite Edition


---------------------
; Table of Contents ;
---------------------
  1. Legal Notice
  2. Analysis & Synthesis Summary
  3. Analysis & Synthesis Settings
  4. Parallel Compilation
  5. Analysis & Synthesis Source Files Read
  6. Analysis & Synthesis Resource Usage Summary
  7. Analysis & Synthesis Resource Utilization by Entity
  8. Registers Removed During Synthesis
  9. General Register Statistics
 10. Inverted Register Statistics
 11. Multiplexer Restructuring Statistics (Restructuring Performed)
 12. Post-Synthesis Netlist Statistics for Top Partition
 13. Elapsed Time Per Partition
 14. Analysis & Synthesis Messages



----------------
; Legal Notice ;
----------------
Copyright (C) 2020  Intel Corporation. All rights reserved.
Your use of Intel Corporation's design tools, logic functions 
and other software and tools, and any partner logic 
functions, and any output files from any of the foregoing 
(including device programming or simulation files), and any 
associated documentation or information are expressly subject 
to the terms and conditions of the Intel Program License 
Subscription Agreement, the Intel Quartus Prime License Agreement,
the Intel FPGA IP License Agreement, or other applicable license
agreement, including, without limitation, that your use is for
the sole purpose of programming logic devices manufactured by
Intel and sold by Intel or its authorized distributors.  Please
refer to the applicable agreement for further details, at
https://fpgasoftware.intel.com/eula.



+----------------------------------------------------------------------------------+
; Analysis & Synthesis Summary                                                     ;
+------------------------------------+---------------------------------------------+
; Analysis & Synthesis Status        ; Successful - Thu Apr  1 14:53:51 2021       ;
; Quartus Prime Version              ; 20.1.1 Build 720 11/11/2020 SJ Lite Edition ;
; Revision Name                      ; four_bit_pc                                 ;
; Top-level Entity Name              ; four_bit_pc                                 ;
; Family                             ; Cyclone IV E                                ;
; Total logic elements               ; 109                                         ;
;     Total combinational functions  ; 107                                         ;
;     Dedicated logic registers      ; 31                                          ;
; Total registers                    ; 31                                          ;
; Total pins                         ; 44                                          ;
; Total virtual pins                 ; 0                                           ;
; Total memory bits                  ; 0                                           ;
; Embedded Multiplier 9-bit elements ; 0                                           ;
; Total PLLs                         ; 0                                           ;
+------------------------------------+---------------------------------------------+


+------------------------------------------------------------------------------------------------------------+
; Analysis & Synthesis Settings                                                                              ;
+------------------------------------------------------------------+--------------------+--------------------+
; Option                                                           ; Setting            ; Default Value      ;
+------------------------------------------------------------------+--------------------+--------------------+
; Top-level entity name                                            ; four_bit_pc        ; four_bit_pc        ;
; Family name                                                      ; Cyclone IV E       ; Cyclone V          ;
; Use smart compilation                                            ; Off                ; Off                ;
; Enable parallel Assembler and Timing Analyzer during compilation ; On                 ; On                 ;
; Enable compact report table                                      ; Off                ; Off                ;
; Restructure Multiplexers                                         ; Auto               ; Auto               ;
; Create Debugging Nodes for IP Cores                              ; Off                ; Off                ;
; Preserve fewer node names                                        ; On                 ; On                 ;
; Intel FPGA IP Evaluation Mode                                    ; Enable             ; Enable             ;
; Verilog Version                                                  ; Verilog_2001       ; Verilog_2001       ;
; VHDL Version                                                     ; VHDL_1993          ; VHDL_1993          ;
; State Machine Processing                                         ; Auto               ; Auto               ;
; Safe State Machine                                               ; Off                ; Off                ;
; Extract Verilog State Machines                                   ; On                 ; On                 ;
; Extract VHDL State Machines                                      ; On                 ; On                 ;
; Ignore Verilog initial constructs                                ; Off                ; Off                ;
; Iteration limit for constant Verilog loops                       ; 5000               ; 5000               ;
; Iteration limit for non-constant Verilog loops                   ; 250                ; 250                ;
; Add Pass-Through Logic to Inferred RAMs                          ; On                 ; On                 ;
; Infer RAMs from Raw Logic                                        ; On                 ; On                 ;
; Parallel Synthesis                                               ; On                 ; On                 ;
; DSP Block Balancing                                              ; Auto               ; Auto               ;
; NOT Gate Push-Back                                               ; On                 ; On                 ;
; Power-Up Don't Care                                              ; On                 ; On                 ;
; Remove Redundant Logic Cells                                     ; Off                ; Off                ;
; Remove Duplicate Registers                                       ; On                 ; On                 ;
; Ignore CARRY Buffers                                             ; Off                ; Off                ;
; Ignore CASCADE Buffers                                           ; Off                ; Off                ;
; Ignore GLOBAL Buffers                                            ; Off                ; Off                ;
; Ignore ROW GLOBAL Buffers                                        ; Off                ; Off                ;
; Ignore LCELL Buffers                                             ; Off                ; Off                ;
; Ignore SOFT Buffers                                              ; On                 ; On                 ;
; Limit AHDL Integers to 32 Bits                                   ; Off                ; Off                ;
; Optimization Technique                                           ; Balanced           ; Balanced           ;
; Carry Chain Length                                               ; 70                 ; 70                 ;
; Auto Carry Chains                                                ; On                 ; On                 ;
; Auto Open-Drain Pins                                             ; On                 ; On                 ;
; Perform WYSIWYG Primitive Resynthesis                            ; Off                ; Off                ;
; Auto ROM Replacement                                             ; On                 ; On                 ;
; Auto RAM Replacement                                             ; On                 ; On                 ;
; Auto DSP Block Replacement                                       ; On                 ; On                 ;
; Auto Shift Register Replacement                                  ; Auto               ; Auto               ;
; Allow Shift Register Merging across Hierarchies                  ; Auto               ; Auto               ;
; Auto Clock Enable Replacement                                    ; On                 ; On                 ;
; Strict RAM Replacement                                           ; Off                ; Off                ;
; Allow Synchronous Control Signals                                ; On                 ; On                 ;
; Force Use of Synchronous Clear Signals                           ; Off                ; Off                ;
; Auto RAM Block Balancing                                         ; On                 ; On                 ;
; Auto RAM to Logic Cell Conversion                                ; Off                ; Off                ;
; Auto Resource Sharing                                            ; Off                ; Off                ;
; Allow Any RAM Size For Recognition                               ; Off                ; Off                ;
; Allow Any ROM Size For Recognition                               ; Off                ; Off                ;
; Allow Any Shift Register Size For Recognition                    ; Off                ; Off                ;
; Use LogicLock Constraints during Resource Balancing              ; On                 ; On                 ;
; Ignore translate_off and synthesis_off directives                ; Off                ; Off                ;
; Timing-Driven Synthesis                                          ; On                 ; On                 ;
; Report Parameter Settings                                        ; On                 ; On                 ;
; Report Source Assignments                                        ; On                 ; On                 ;
; Report Connectivity Checks                                       ; On                 ; On                 ;
; Ignore Maximum Fan-Out Assignments                               ; Off                ; Off                ;
; Synchronization Register Chain Length                            ; 2                  ; 2                  ;
; Power Optimization During Synthesis                              ; Normal compilation ; Normal compilation ;
; HDL message level                                                ; Level2             ; Level2             ;
; Suppress Register Optimization Related Messages                  ; Off                ; Off                ;
; Number of Removed Registers Reported in Synthesis Report         ; 5000               ; 5000               ;
; Number of Swept Nodes Reported in Synthesis Report               ; 5000               ; 5000               ;
; Number of Inverted Registers Reported in Synthesis Report        ; 100                ; 100                ;
; Clock MUX Protection                                             ; On                 ; On                 ;
; Auto Gated Clock Conversion                                      ; Off                ; Off                ;
; Block Design Naming                                              ; Auto               ; Auto               ;
; SDC constraint protection                                        ; Off                ; Off                ;
; Synthesis Effort                                                 ; Auto               ; Auto               ;
; Shift Register Replacement - Allow Asynchronous Clear Signal     ; On                 ; On                 ;
; Pre-Mapping Resynthesis Optimization                             ; Off                ; Off                ;
; Analysis & Synthesis Message Level                               ; Medium             ; Medium             ;
; Disable Register Merging Across Hierarchies                      ; Auto               ; Auto               ;
; Resource Aware Inference For Block RAM                           ; On                 ; On                 ;
+------------------------------------------------------------------+--------------------+--------------------+


+------------------------------------------+
; Parallel Compilation                     ;
+----------------------------+-------------+
; Processors                 ; Number      ;
+----------------------------+-------------+
; Number detected on machine ; 4           ;
; Maximum allowed            ; 2           ;
;                            ;             ;
; Average used               ; 1.00        ;
; Maximum used               ; 2           ;
;                            ;             ;
; Usage by Processor         ; % Time Used ;
;     Processor 1            ; 100.0%      ;
;     Processor 2            ;   0.0%      ;
+----------------------------+-------------+


+-------------------------------------------------------------------------------------------------------------------------------------------------------------------------+
; Analysis & Synthesis Source Files Read                                                                                                                                  ;
+----------------------------------+-----------------+------------------------+---------------------------------------------------------------------------------+---------+
; File Name with User-Entered Path ; Used in Netlist ; File Type              ; File Name with Absolute Path                                                    ; Library ;
+----------------------------------+-----------------+------------------------+---------------------------------------------------------------------------------+---------+
; four_bit_pc.v                    ; yes             ; User Verilog HDL File  ; /home/sakib/workingDir/_study/L4T1/Microprocessor/new/four_bit_pc/four_bit_pc.v ;         ;
+----------------------------------+-----------------+------------------------+---------------------------------------------------------------------------------+---------+


+----------------------------------------------------------+
; Analysis & Synthesis Resource Usage Summary              ;
+---------------------------------------------+------------+
; Resource                                    ; Usage      ;
+---------------------------------------------+------------+
; Estimated Total logic elements              ; 109        ;
;                                             ;            ;
; Total combinational functions               ; 107        ;
; Logic element usage by number of LUT inputs ;            ;
;     -- 4 input functions                    ; 58         ;
;     -- 3 input functions                    ; 41         ;
;     -- <=2 input functions                  ; 8          ;
;                                             ;            ;
; Logic elements by mode                      ;            ;
;     -- normal mode                          ; 96         ;
;     -- arithmetic mode                      ; 11         ;
;                                             ;            ;
; Total registers                             ; 31         ;
;     -- Dedicated logic registers            ; 31         ;
;     -- I/O registers                        ; 0          ;
;                                             ;            ;
; I/O pins                                    ; 44         ;
;                                             ;            ;
; Embedded Multiplier 9-bit elements          ; 0          ;
;                                             ;            ;
; Maximum fan-out node                        ; IP[2]~reg0 ;
; Maximum fan-out                             ; 43         ;
; Total fan-out                               ; 522        ;
; Average fan-out                             ; 2.31       ;
+---------------------------------------------+------------+


+----------------------------------------------------------------------------------------------------------------------------------------------------------------------------------------------------------+
; Analysis & Synthesis Resource Utilization by Entity                                                                                                                                                      ;
+----------------------------+---------------------+---------------------------+-------------+--------------+---------+-----------+------+--------------+---------------------+-------------+--------------+
; Compilation Hierarchy Node ; Combinational ALUTs ; Dedicated Logic Registers ; Memory Bits ; DSP Elements ; DSP 9x9 ; DSP 18x18 ; Pins ; Virtual Pins ; Full Hierarchy Name ; Entity Name ; Library Name ;
+----------------------------+---------------------+---------------------------+-------------+--------------+---------+-----------+------+--------------+---------------------+-------------+--------------+
; |four_bit_pc               ; 107 (107)           ; 31 (31)                   ; 0           ; 0            ; 0       ; 0         ; 44   ; 0            ; |four_bit_pc        ; four_bit_pc ; work         ;
+----------------------------+---------------------+---------------------------+-------------+--------------+---------+-----------+------+--------------+---------------------+-------------+--------------+
Note: For table entries with two numbers listed, the numbers in parentheses indicate the number of resources of the given type used by the specific entity alone. The numbers listed outside of parentheses indicate the total resources of the given type used by the specific entity and all of its sub-entities in the hierarchy.


+--------------------------------------------------------------------------------+
; Registers Removed During Synthesis                                             ;
+---------------------------------------+----------------------------------------+
; Register name                         ; Reason for Removal                     ;
+---------------------------------------+----------------------------------------+
; Addr[1]~reg0                          ; Stuck at GND due to stuck port data_in ;
; SF~reg0                               ; Stuck at GND due to stuck port data_in ;
; Total Number of Removed Registers = 2 ;                                        ;
+---------------------------------------+----------------------------------------+


+------------------------------------------------------+
; General Register Statistics                          ;
+----------------------------------------------+-------+
; Statistic                                    ; Value ;
+----------------------------------------------+-------+
; Total registers                              ; 31    ;
; Number of registers using Synchronous Clear  ; 0     ;
; Number of registers using Synchronous Load   ; 4     ;
; Number of registers using Asynchronous Clear ; 0     ;
; Number of registers using Asynchronous Load  ; 0     ;
; Number of registers using Clock Enable       ; 14    ;
; Number of registers using Preset             ; 0     ;
+----------------------------------------------+-------+


+--------------------------------------------------+
; Inverted Register Statistics                     ;
+----------------------------------------+---------+
; Inverted Register                      ; Fan out ;
+----------------------------------------+---------+
; load                                   ; 12      ;
; Total number of inverted registers = 1 ;         ;
+----------------------------------------+---------+


+------------------------------------------------------------------------------------------------------------------------------------------+
; Multiplexer Restructuring Statistics (Restructuring Performed)                                                                           ;
+--------------------+-----------+---------------+----------------------+------------------------+------------+----------------------------+
; Multiplexer Inputs ; Bus Width ; Baseline Area ; Area if Restructured ; Saving if Restructured ; Registered ; Example Multiplexer Output ;
+--------------------+-----------+---------------+----------------------+------------------------+------------+----------------------------+
; 3:1                ; 3 bits    ; 6 LEs         ; 0 LEs                ; 6 LEs                  ; Yes        ; |four_bit_pc|SP[1]~reg0    ;
; 5:1                ; 3 bits    ; 9 LEs         ; 6 LEs                ; 3 LEs                  ; Yes        ; |four_bit_pc|Addr[0]~reg0  ;
; 8:1                ; 2 bits    ; 10 LEs        ; 2 LEs                ; 8 LEs                  ; Yes        ; |four_bit_pc|C[2]~reg0     ;
; 5:1                ; 3 bits    ; 9 LEs         ; 6 LEs                ; 3 LEs                  ; Yes        ; |four_bit_pc|B[1]~reg0     ;
; 9:1                ; 2 bits    ; 12 LEs        ; 2 LEs                ; 10 LEs                 ; Yes        ; |four_bit_pc|C[3]~reg0     ;
; 12:1               ; 2 bits    ; 16 LEs        ; 8 LEs                ; 8 LEs                  ; Yes        ; |four_bit_pc|A[3]~reg0     ;
+--------------------+-----------+---------------+----------------------+------------------------+------------+----------------------------+


+-----------------------------------------------------+
; Post-Synthesis Netlist Statistics for Top Partition ;
+-----------------------+-----------------------------+
; Type                  ; Count                       ;
+-----------------------+-----------------------------+
; boundary_port         ; 44                          ;
; cycloneiii_ff         ; 31                          ;
;     ENA               ; 14                          ;
;     SLD               ; 4                           ;
;     plain             ; 13                          ;
; cycloneiii_lcell_comb ; 108                         ;
;     arith             ; 11                          ;
;         2 data inputs ; 1                           ;
;         3 data inputs ; 10                          ;
;     normal            ; 97                          ;
;         0 data inputs ; 3                           ;
;         2 data inputs ; 5                           ;
;         3 data inputs ; 31                          ;
;         4 data inputs ; 58                          ;
;                       ;                             ;
; Max LUT depth         ; 6.00                        ;
; Average LUT depth     ; 3.72                        ;
+-----------------------+-----------------------------+


+-------------------------------+
; Elapsed Time Per Partition    ;
+----------------+--------------+
; Partition Name ; Elapsed Time ;
+----------------+--------------+
; Top            ; 00:00:00     ;
+----------------+--------------+


+-------------------------------+
; Analysis & Synthesis Messages ;
+-------------------------------+
Info: *******************************************************************
Info: Running Quartus Prime Analysis & Synthesis
    Info: Version 20.1.1 Build 720 11/11/2020 SJ Lite Edition
    Info: Processing started: Thu Apr  1 14:53:41 2021
Info: Command: quartus_map --read_settings_files=on --write_settings_files=off four_bit_pc -c four_bit_pc
Warning (18236): Number of processors has not been specified which may cause overloading on shared machines.  Set the global assignment NUM_PARALLEL_PROCESSORS in your QSF to an appropriate value for best performance.
Info (20030): Parallel compilation is enabled and will use 2 of the 2 processors detected
Info (12021): Found 1 design units, including 1 entities, in source file four_bit_pc.v
    Info (12023): Found entity 1: four_bit_pc File: /home/sakib/workingDir/_study/L4T1/Microprocessor/new/four_bit_pc/four_bit_pc.v Line: 2
Info (12127): Elaborating entity "four_bit_pc" for the top level hierarchy
Warning (10230): Verilog HDL assignment warning at four_bit_pc.v(81): truncated value with size 32 to match size of target (1) File: /home/sakib/workingDir/_study/L4T1/Microprocessor/new/four_bit_pc/four_bit_pc.v Line: 81
Warning (10230): Verilog HDL assignment warning at four_bit_pc.v(82): truncated value with size 32 to match size of target (1) File: /home/sakib/workingDir/_study/L4T1/Microprocessor/new/four_bit_pc/four_bit_pc.v Line: 82
Warning (10230): Verilog HDL assignment warning at four_bit_pc.v(95): truncated value with size 32 to match size of target (1) File: /home/sakib/workingDir/_study/L4T1/Microprocessor/new/four_bit_pc/four_bit_pc.v Line: 95
Warning (10230): Verilog HDL assignment warning at four_bit_pc.v(96): truncated value with size 32 to match size of target (1) File: /home/sakib/workingDir/_study/L4T1/Microprocessor/new/four_bit_pc/four_bit_pc.v Line: 96
Warning (10230): Verilog HDL assignment warning at four_bit_pc.v(113): truncated value with size 32 to match size of target (1) File: /home/sakib/workingDir/_study/L4T1/Microprocessor/new/four_bit_pc/four_bit_pc.v Line: 113
Warning (10230): Verilog HDL assignment warning at four_bit_pc.v(114): truncated value with size 32 to match size of target (1) File: /home/sakib/workingDir/_study/L4T1/Microprocessor/new/four_bit_pc/four_bit_pc.v Line: 114
Warning (10230): Verilog HDL assignment warning at four_bit_pc.v(161): truncated value with size 32 to match size of target (4) File: /home/sakib/workingDir/_study/L4T1/Microprocessor/new/four_bit_pc/four_bit_pc.v Line: 161
Warning (10230): Verilog HDL assignment warning at four_bit_pc.v(193): truncated value with size 32 to match size of target (4) File: /home/sakib/workingDir/_study/L4T1/Microprocessor/new/four_bit_pc/four_bit_pc.v Line: 193
Warning (10230): Verilog HDL assignment warning at four_bit_pc.v(194): truncated value with size 32 to match size of target (1) File: /home/sakib/workingDir/_study/L4T1/Microprocessor/new/four_bit_pc/four_bit_pc.v Line: 194
Warning (10230): Verilog HDL assignment warning at four_bit_pc.v(195): truncated value with size 32 to match size of target (1) File: /home/sakib/workingDir/_study/L4T1/Microprocessor/new/four_bit_pc/four_bit_pc.v Line: 195
Warning (10230): Verilog HDL assignment warning at four_bit_pc.v(206): truncated value with size 32 to match size of target (4) File: /home/sakib/workingDir/_study/L4T1/Microprocessor/new/four_bit_pc/four_bit_pc.v Line: 206
Warning (10230): Verilog HDL assignment warning at four_bit_pc.v(208): truncated value with size 32 to match size of target (1) File: /home/sakib/workingDir/_study/L4T1/Microprocessor/new/four_bit_pc/four_bit_pc.v Line: 208
Warning (10230): Verilog HDL assignment warning at four_bit_pc.v(209): truncated value with size 32 to match size of target (1) File: /home/sakib/workingDir/_study/L4T1/Microprocessor/new/four_bit_pc/four_bit_pc.v Line: 209
Warning (10230): Verilog HDL assignment warning at four_bit_pc.v(223): truncated value with size 32 to match size of target (4) File: /home/sakib/workingDir/_study/L4T1/Microprocessor/new/four_bit_pc/four_bit_pc.v Line: 223
Warning (10230): Verilog HDL assignment warning at four_bit_pc.v(232): truncated value with size 32 to match size of target (4) File: /home/sakib/workingDir/_study/L4T1/Microprocessor/new/four_bit_pc/four_bit_pc.v Line: 232
Warning (10230): Verilog HDL assignment warning at four_bit_pc.v(245): truncated value with size 32 to match size of target (1) File: /home/sakib/workingDir/_study/L4T1/Microprocessor/new/four_bit_pc/four_bit_pc.v Line: 245
Warning (10230): Verilog HDL assignment warning at four_bit_pc.v(246): truncated value with size 32 to match size of target (1) File: /home/sakib/workingDir/_study/L4T1/Microprocessor/new/four_bit_pc/four_bit_pc.v Line: 246
Warning (10230): Verilog HDL assignment warning at four_bit_pc.v(258): truncated value with size 32 to match size of target (1) File: /home/sakib/workingDir/_study/L4T1/Microprocessor/new/four_bit_pc/four_bit_pc.v Line: 258
Warning (10230): Verilog HDL assignment warning at four_bit_pc.v(259): truncated value with size 32 to match size of target (1) File: /home/sakib/workingDir/_study/L4T1/Microprocessor/new/four_bit_pc/four_bit_pc.v Line: 259
Warning (13024): Output pins are stuck at VCC or GND
    Warning (13410): Pin "Addr[1]" is stuck at GND File: /home/sakib/workingDir/_study/L4T1/Microprocessor/new/four_bit_pc/four_bit_pc.v Line: 26
    Warning (13410): Pin "SF" is stuck at GND File: /home/sakib/workingDir/_study/L4T1/Microprocessor/new/four_bit_pc/four_bit_pc.v Line: 19
Info (286030): Timing-Driven Synthesis is running
Info (16010): Generating hard_block partition "hard_block:auto_generated_inst"
    Info (16011): Adding 0 node(s), including 0 DDIO, 0 PLL, 0 transceiver and 0 LCELL
Info (21057): Implemented 158 device resources after synthesis - the final resource count might be different
    Info (21058): Implemented 13 input pins
    Info (21059): Implemented 31 output pins
    Info (21061): Implemented 114 logic cells
Info: Quartus Prime Analysis & Synthesis was successful. 0 errors, 23 warnings
    Info: Peak virtual memory: 394 megabytes
    Info: Processing ended: Thu Apr  1 14:53:51 2021
    Info: Elapsed time: 00:00:10
    Info: Total CPU time (on all processors): 00:00:23


